<?xml version="1.0" encoding="UTF-8"?>
<!-- Generated by org.testng.reporters.JUnitReportReporter -->
<testsuite hostname="ThinkPad" failures="0" tests="1" name="tests.rest" time="2.982" errors="0" timestamp="2021-12-16T22:34:57 IST" skipped="0">
  <testcase classname="tests.rest" name="GetWeatherDetails" time="2.982"/>
  <system-out/>
</testsuite> <!-- tests.rest -->
