<?xml version="1.0" encoding="UTF-8"?>
<!-- Generated by org.testng.reporters.JUnitReportReporter -->
<testsuite hostname="ThinkPad" failures="0" tests="1" name="tests.NewTest" time="0.740" errors="0" timestamp="2022-01-12T08:59:48 IST" skipped="0">
  <testcase classname="tests.NewTest" name="openMyBlog" time="0.740"/>
  <system-out/>
</testsuite> <!-- tests.NewTest -->
