<?xml version="1.0" encoding="UTF-8"?>
<!-- Generated by org.testng.reporters.JUnitReportReporter -->
<testsuite hostname="ThinkPad" failures="0" tests="1" name="tests.FindRooms" time="21.935" errors="0" timestamp="2021-12-09T00:18:29 IST" skipped="0">
  <testcase classname="tests.FindRooms" name="findRooms" time="21.935"/>
  <system-out/>
</testsuite> <!-- tests.FindRooms -->
