<?xml version="1.0" encoding="UTF-8"?>
<!-- Generated by org.testng.reporters.JUnitReportReporter -->
<testsuite hostname="Thinkpad" failures="0" tests="1" name="tests.NewTest" time="2.864" errors="0" timestamp="2022-05-05T00:05:44 IST" skipped="0">
  <testcase classname="tests.NewTest" name="openMyBlog" time="2.864"/>
  <system-out/>
</testsuite> <!-- tests.NewTest -->
