<?xml version="1.0" encoding="UTF-8"?>
<!-- Generated by org.testng.reporters.JUnitReportReporter -->
<testsuite hostname="Thinkpad" failures="0" tests="1" name="tests.rest" time="2.325" errors="0" timestamp="2022-05-04T23:44:16 IST" skipped="0">
  <testcase classname="tests.rest" name="GetWeatherDetails" time="2.325"/>
  <system-out/>
</testsuite> <!-- tests.rest -->
