<?xml version="1.0" encoding="UTF-8"?>
<!-- Generated by org.testng.reporters.JUnitReportReporter -->
<testsuite hostname="Thinkpad" failures="0" tests="1" name="tests.rest" time="2.745" errors="0" timestamp="2022-05-05T00:13:58 IST" skipped="0">
  <testcase classname="tests.rest" name="GetWeatherDetails" time="2.745"/>
  <system-out/>
</testsuite> <!-- tests.rest -->
