<?xml version="1.0" encoding="UTF-8"?>
<!-- Generated by org.testng.reporters.JUnitReportReporter -->
<testsuite hostname="ThinkPad" failures="0" tests="1" name="tests.practice" time="20.892" errors="0" timestamp="2021-12-27T21:02:32 IST" skipped="0">
  <testcase classname="tests.practice" name="CurrenctConversion" time="20.892"/>
  <system-out/>
</testsuite> <!-- tests.practice -->
