<?xml version="1.0" encoding="UTF-8"?>
<!-- Generated by org.testng.reporters.JUnitReportReporter -->
<testsuite hostname="ThinkPad" failures="0" tests="1" name="tests.rest" time="3.600" errors="0" timestamp="2022-01-12T08:59:48 IST" skipped="0">
  <testcase classname="tests.rest" name="GetWeatherDetails" time="3.600"/>
  <system-out/>
</testsuite> <!-- tests.rest -->
