<?xml version="1.0" encoding="UTF-8"?>
<!-- Generated by org.testng.reporters.JUnitReportReporter -->
<testsuite hostname="ThinkPad" failures="0" tests="1" name="tests.FindRates" time="25.867" errors="0" timestamp="2021-12-09T00:18:29 IST" skipped="0">
  <testcase classname="tests.FindRates" name="findRates" time="25.867"/>
  <system-out/>
</testsuite> <!-- tests.FindRates -->
