<?xml version="1.0" encoding="UTF-8"?>
<!-- Generated by org.testng.reporters.JUnitReportReporter -->
<testsuite hostname="Thinkpad" failures="0" tests="1" name="tests.NewTest" time="3.507" errors="0" timestamp="2022-05-18T02:52:38 IST" skipped="0">
  <testcase classname="tests.NewTest" name="openMyBlog" time="3.507"/>
  <system-out/>
</testsuite> <!-- tests.NewTest -->
